<?xml version="1.0" encoding="UTF-8"?>
<testng-results ignored="0" total="1" passed="1" failed="0" skipped="0">
  <reporter-output>
  </reporter-output>
  <suite started-at="2023-11-01T00:10:38 ECT" name="Default suite" finished-at="2023-11-01T00:10:40 ECT" duration-ms="1796">
    <groups>
    </groups>
    <test started-at="2023-11-01T00:10:38 ECT" name="Default test" finished-at="2023-11-01T00:10:40 ECT" duration-ms="1796">
      <class name="ec.com.learning.restassured.restfulbooker.CreateBookingTests">
        <test-method is-config="true" signature="setUp()[pri:0, instance:ec.com.learning.restassured.restfulbooker.CreateBookingTests@7adda9cc]" started-at="2023-11-01T00:10:38 ECT" name="setUp" finished-at="2023-11-01T00:10:39 ECT" duration-ms="277" status="PASS">
          <reporter-output>
          </reporter-output>
        </test-method> <!-- setUp -->
        <test-method signature="createBookingWithPOJOTest()[pri:0, instance:ec.com.learning.restassured.restfulbooker.CreateBookingTests@7adda9cc]" started-at="2023-11-01T00:10:39 ECT" name="createBookingWithPOJOTest" finished-at="2023-11-01T00:10:40 ECT" duration-ms="1498" status="PASS">
          <reporter-output>
          </reporter-output>
        </test-method> <!-- createBookingWithPOJOTest -->
      </class> <!-- ec.com.learning.restassured.restfulbooker.CreateBookingTests -->
    </test> <!-- Default test -->
  </suite> <!-- Default suite -->
</testng-results>
